<?xml version="1.0" encoding="UTF-8"?>
<!-- Generated by org.testng.reporters.JUnitReportReporter -->
<testsuite hostname="LAPTOP-MDVV23RL" failures="0" tests="1" name="commons.getCookies" time="31.352" errors="0" timestamp="2022-05-30T12:16:31 IST" skipped="0">
  <testcase classname="commons.getCookies" name="readCookies" time="31.352"/>
  <system-out/>
</testsuite> <!-- commons.getCookies -->
